Determining size of off64_t failed with the following output:
Change Dir: C:/open/Personal/Dropbox/MC2/external/zlib-1.2.8/CMakeFiles/CMakeTmp

Run Build Command:C:\PROGRA~2\Common7\IDE\devenv.com CMAKE_TRY_COMPILE.sln /build Debug /project cmTryCompileExec3565003581

Microsoft (R) Microsoft Visual Studio 2012 Version 11.0.61030.0.
Copyright (C) Microsoft Corp. All rights reserved.
1>------ Build started: Project: cmTryCompileExec3565003581, Configuration: Debug Win32 ------
1>  Microsoft (R) C/C++ Optimizing Compiler Version 17.00.61030 for x86
1>  Copyright (C) Microsoft Corporation.  All rights reserved.
1>  
1>  cl /c /Zi /W3 /WX- /Od /Ob0 /Oy- /D WIN32 /D _WINDOWS /D _DEBUG /D _LARGEFILE64_SOURCE=1 /D HAVE_SYS_TYPES_H /D HAVE_STDINT_H /D HAVE_STDDEF_H /D "CMAKE_INTDIR=\"Debug\"" /D _MBCS /Gm- /RTC1 /MDd /GS /fp:precise /Zc:wchar_t /Zc:forScope /Fo"cmTryCompileExec3565003581.dir\Debug\\" /Fd"C:/open/Personal/Dropbox/MC2/external/zlib-1.2.8/CMakeFiles/CMakeTmp/Debug/cmTryCompileExec3565003581.pdb" /Gd /TC /analyze- /errorReport:prompt "C:\open\Personal\Dropbox\MC2\external\zlib-1.2.8\CMakeFiles\CheckTypeSize\OFF64_T.c"
1>  
1>  OFF64_T.c
1>C:\open\Personal\Dropbox\MC2\external\zlib-1.2.8\CMakeFiles\CheckTypeSize\OFF64_T.c(19): error C2065: 'off64_t' : undeclared identifier
1>C:\open\Personal\Dropbox\MC2\external\zlib-1.2.8\CMakeFiles\CheckTypeSize\OFF64_T.c(20): error C2065: 'off64_t' : undeclared identifier
1>C:\open\Personal\Dropbox\MC2\external\zlib-1.2.8\CMakeFiles\CheckTypeSize\OFF64_T.c(21): error C2065: 'off64_t' : undeclared identifier
1>C:\open\Personal\Dropbox\MC2\external\zlib-1.2.8\CMakeFiles\CheckTypeSize\OFF64_T.c(22): error C2065: 'off64_t' : undeclared identifier
1>C:\open\Personal\Dropbox\MC2\external\zlib-1.2.8\CMakeFiles\CheckTypeSize\OFF64_T.c(23): error C2065: 'off64_t' : undeclared identifier
========== Build: 0 succeeded, 1 failed, 0 up-to-date, 0 skipped ==========

C:/open/Personal/Dropbox/MC2/external/zlib-1.2.8/CMakeFiles/CheckTypeSize/OFF64_T.c:
#include <sys/types.h>
#include <stdint.h>
#include <stddef.h>


#undef KEY
#if defined(__i386)
# define KEY '_','_','i','3','8','6'
#elif defined(__x86_64)
# define KEY '_','_','x','8','6','_','6','4'
#elif defined(__ppc__)
# define KEY '_','_','p','p','c','_','_'
#elif defined(__ppc64__)
# define KEY '_','_','p','p','c','6','4','_','_'
#endif

#define SIZE (sizeof(off64_t))
char info_size[] =  {'I', 'N', 'F', 'O', ':', 's','i','z','e','[',
  ('0' + ((SIZE / 10000)%10)),
  ('0' + ((SIZE / 1000)%10)),
  ('0' + ((SIZE / 100)%10)),
  ('0' + ((SIZE / 10)%10)),
  ('0' +  (SIZE    % 10)),
  ']',
#ifdef KEY
  ' ','k','e','y','[', KEY, ']',
#endif
  '\0'};

#ifdef __CLASSIC_C__
int main(argc, argv) int argc; char *argv[];
#else
int main(int argc, char *argv[])
#endif
{
  int require = 0;
  require += info_size[argc];
  (void)argv;
  return require;
}


Determining if the function fseeko exists failed with the following output:
Change Dir: C:/open/Personal/Dropbox/MC2/external/zlib-1.2.8/CMakeFiles/CMakeTmp

Run Build Command:C:\PROGRA~2\Common7\IDE\devenv.com CMAKE_TRY_COMPILE.sln /build Debug /project cmTryCompileExec4045775511

Microsoft (R) Microsoft Visual Studio 2012 Version 11.0.61030.0.
Copyright (C) Microsoft Corp. All rights reserved.
1>------ Build started: Project: cmTryCompileExec4045775511, Configuration: Debug Win32 ------
1>  Microsoft (R) C/C++ Optimizing Compiler Version 17.00.61030 for x86
1>  Copyright (C) Microsoft Corporation.  All rights reserved.
1>  
1>  cl /c /Zi /W3 /WX- /Od /Ob0 /Oy- /D WIN32 /D _WINDOWS /D CHECK_FUNCTION_EXISTS=fseeko /D _DEBUG /D "CMAKE_INTDIR=\"Debug\"" /D _MBCS /Gm- /RTC1 /MDd /GS /fp:precise /Zc:wchar_t /Zc:forScope /Fo"cmTryCompileExec4045775511.dir\Debug\\" /Fd"C:/open/Personal/Dropbox/MC2/external/zlib-1.2.8/CMakeFiles/CMakeTmp/Debug/cmTryCompileExec4045775511.pdb" /Gd /TC /analyze- /errorReport:prompt "C:\Program Files (x86)\CMake 2.8\share\cmake-2.8\Modules\CheckFunctionExists.c"
1>  
1>  CheckFunctionExists.c
1>CheckFunctionExists.obj : error LNK2019: unresolved external symbol _fseeko referenced in function _main
1>C:\open\Personal\Dropbox\MC2\external\zlib-1.2.8\CMakeFiles\CMakeTmp\Debug\cmTryCompileExec4045775511.exe : fatal error LNK1120: 1 unresolved externals
========== Build: 0 succeeded, 1 failed, 0 up-to-date, 0 skipped ==========


Determining if the include file unistd.h exists failed with the following output:
Change Dir: C:/open/Personal/Dropbox/MC2/external/zlib-1.2.8/CMakeFiles/CMakeTmp

Run Build Command:C:\PROGRA~2\Common7\IDE\devenv.com CMAKE_TRY_COMPILE.sln /build Debug /project cmTryCompileExec2747275713

Microsoft (R) Microsoft Visual Studio 2012 Version 11.0.61030.0.
Copyright (C) Microsoft Corp. All rights reserved.
1>------ Build started: Project: cmTryCompileExec2747275713, Configuration: Debug Win32 ------
1>  Microsoft (R) C/C++ Optimizing Compiler Version 17.00.61030 for x86
1>  Copyright (C) Microsoft Corporation.  All rights reserved.
1>  
1>  cl /c /Zi /W3 /WX- /Od /Ob0 /Oy- /D WIN32 /D _WINDOWS /D _DEBUG /D "CMAKE_INTDIR=\"Debug\"" /D _MBCS /Gm- /RTC1 /MDd /GS /fp:precise /Zc:wchar_t /Zc:forScope /Fo"cmTryCompileExec2747275713.dir\Debug\\" /Fd"C:/open/Personal/Dropbox/MC2/external/zlib-1.2.8/CMakeFiles/CMakeTmp/Debug/cmTryCompileExec2747275713.pdb" /Gd /TC /analyze- /errorReport:prompt CheckIncludeFile.c
1>  
1>  CheckIncludeFile.c
1>CheckIncludeFile.c(1): fatal error C1083: Cannot open include file: 'unistd.h': No such file or directory
========== Build: 0 succeeded, 1 failed, 0 up-to-date, 0 skipped ==========


